0 info it worked if it ends with ok
1 verbose cli [ '/usr/bin/node',
1 verbose cli   '/usr/share/npm/bin/npm-cli.js',
1 verbose cli   'install',
1 verbose cli   '--scripts-prepend-node-path=auto' ]
2 info using npm@3.5.2
3 info using node@v8.10.0
4 silly loadCurrentTree Starting
5 silly install loadCurrentTree
6 silly install readLocalPackageData
7 silly install normalizeTree
8 silly loadCurrentTree Finishing
9 silly loadIdealTree Starting
10 silly install loadIdealTree
11 silly cloneCurrentTree Starting
12 silly install cloneCurrentTreeToIdealTree
13 silly cloneCurrentTree Finishing
14 silly loadShrinkwrap Starting
15 silly install loadShrinkwrap
16 silly loadShrinkwrap Finishing
17 silly loadAllDepsIntoIdealTree Starting
18 silly install loadAllDepsIntoIdealTree
19 silly fetchNamedPackageData express-session
20 silly mapToRegistry name express-session
21 silly mapToRegistry using default registry
22 silly mapToRegistry registry https://registry.npmjs.org/
23 silly mapToRegistry uri https://registry.npmjs.org/express-session
24 verbose request uri https://registry.npmjs.org/express-session
25 verbose request no auth needed
26 info attempt registry request try #1 at 16:02:42
27 verbose request id b766422ce61c7fe1
28 verbose etag W/"5a65153a14b0d773f9904e5c72a65952"
29 verbose lastModified Wed, 16 Jan 2019 19:39:28 GMT
30 http request GET https://registry.npmjs.org/express-session
31 http 304 https://registry.npmjs.org/express-session
32 verbose headers { date: 'Sun, 31 Mar 2019 13:02:43 GMT',
32 verbose headers   connection: 'keep-alive',
32 verbose headers   'set-cookie':
32 verbose headers    [ '__cfduid=d3284e3af87510666274ce76a026f26901554037362; expires=Mon, 30-Mar-20 13:02:42 GMT; path=/; domain=.registry.npmjs.org; HttpOnly' ],
32 verbose headers   'cf-cache-status': 'HIT',
32 verbose headers   'cache-control': 'max-age=300',
32 verbose headers   'cf-ray': '4c0284eeb89bcade-ARN',
32 verbose headers   etag: '"5a65153a14b0d773f9904e5c72a65952"',
32 verbose headers   'expect-ct': 'max-age=604800, report-uri="https://report-uri.cloudflare.com/cdn-cgi/beacon/expect-ct"',
32 verbose headers   'last-modified': 'Wed, 16 Jan 2019 19:39:28 GMT',
32 verbose headers   vary: 'accept-encoding, accept',
32 verbose headers   'x-amz-meta-rev': '520-b706a65e27b973348b1dd22e3d259632',
32 verbose headers   server: 'cloudflare' }
33 silly get cb [ 304,
33 silly get   { date: 'Sun, 31 Mar 2019 13:02:43 GMT',
33 silly get     connection: 'keep-alive',
33 silly get     'set-cookie':
33 silly get      [ '__cfduid=d3284e3af87510666274ce76a026f26901554037362; expires=Mon, 30-Mar-20 13:02:42 GMT; path=/; domain=.registry.npmjs.org; HttpOnly' ],
33 silly get     'cf-cache-status': 'HIT',
33 silly get     'cache-control': 'max-age=300',
33 silly get     'cf-ray': '4c0284eeb89bcade-ARN',
33 silly get     etag: '"5a65153a14b0d773f9904e5c72a65952"',
33 silly get     'expect-ct': 'max-age=604800, report-uri="https://report-uri.cloudflare.com/cdn-cgi/beacon/expect-ct"',
33 silly get     'last-modified': 'Wed, 16 Jan 2019 19:39:28 GMT',
33 silly get     vary: 'accept-encoding, accept',
33 silly get     'x-amz-meta-rev': '520-b706a65e27b973348b1dd22e3d259632',
33 silly get     server: 'cloudflare' } ]
34 verbose etag https://registry.npmjs.org/express-session from cache
35 verbose get saving express-session to /home/vaultboy324/.npm/registry.npmjs.org/express-session/.cache.json
36 silly fetchPackageMetaData Error: No compatible version found: express-session@^3.5.2
36 silly fetchPackageMetaData Valid install targets:
36 silly fetchPackageMetaData 1.15.6, 1.15.5, 1.15.4, 1.15.3, 1.15.2, 1.15.1, 1.15.0, 1.14.2, 1.14.1, 1.14.0, 1.13.0, 1.12.1, 1.12.0, 1.11.3, 1.11.2, 1.11.1, 1.11.0, 1.10.4, 1.10.3, 1.10.2, 1.10.1, 1.10.0, 1.9.3, 1.9.2, 1.9.1, 1.9.0, 1.8.2, 1.8.1, 1.8.0, 1.7.6, 1.7.5, 1.7.4, 1.7.3, 1.7.2, 1.7.1, 1.7.0, 1.6.5, 1.6.4, 1.6.3, 1.6.2, 1.6.1, 1.6.0, 1.5.2, 1.5.1, 1.5.0, 1.4.0, 1.3.1, 1.3.0, 1.2.1, 1.2.0, 1.1.0, 1.0.4, 1.0.3, 1.0.2, 1.0.1, 1.0.0
36 silly fetchPackageMetaData
36 silly fetchPackageMetaData     at pickVersionFromRegistryDocument (/usr/share/npm/lib/fetch-package-metadata.js:156:16)
36 silly fetchPackageMetaData     at /usr/share/npm/node_modules/iferr/index.js:13:50
36 silly fetchPackageMetaData     at /usr/share/npm/lib/utils/pulse-till-done.js:19:8
36 silly fetchPackageMetaData     at saved (/usr/share/npm/lib/cache/caching-client.js:168:7)
36 silly fetchPackageMetaData     at /usr/share/npm/node_modules/graceful-fs/polyfills.js:210:7
36 silly fetchPackageMetaData     at FSReqWrap.oncomplete (fs.js:135:15)
36 silly fetchPackageMetaData  error for express-session@^3.5.2 Error: No compatible version found: express-session@^3.5.2
36 silly fetchPackageMetaData Valid install targets:
36 silly fetchPackageMetaData 1.15.6, 1.15.5, 1.15.4, 1.15.3, 1.15.2, 1.15.1, 1.15.0, 1.14.2, 1.14.1, 1.14.0, 1.13.0, 1.12.1, 1.12.0, 1.11.3, 1.11.2, 1.11.1, 1.11.0, 1.10.4, 1.10.3, 1.10.2, 1.10.1, 1.10.0, 1.9.3, 1.9.2, 1.9.1, 1.9.0, 1.8.2, 1.8.1, 1.8.0, 1.7.6, 1.7.5, 1.7.4, 1.7.3, 1.7.2, 1.7.1, 1.7.0, 1.6.5, 1.6.4, 1.6.3, 1.6.2, 1.6.1, 1.6.0, 1.5.2, 1.5.1, 1.5.0, 1.4.0, 1.3.1, 1.3.0, 1.2.1, 1.2.0, 1.1.0, 1.0.4, 1.0.3, 1.0.2, 1.0.1, 1.0.0
36 silly fetchPackageMetaData
36 silly fetchPackageMetaData     at pickVersionFromRegistryDocument (/usr/share/npm/lib/fetch-package-metadata.js:156:16)
36 silly fetchPackageMetaData     at /usr/share/npm/node_modules/iferr/index.js:13:50
36 silly fetchPackageMetaData     at /usr/share/npm/lib/utils/pulse-till-done.js:19:8
36 silly fetchPackageMetaData     at saved (/usr/share/npm/lib/cache/caching-client.js:168:7)
36 silly fetchPackageMetaData     at /usr/share/npm/node_modules/graceful-fs/polyfills.js:210:7
36 silly fetchPackageMetaData     at FSReqWrap.oncomplete (fs.js:135:15)
37 silly rollbackFailedOptional Starting
38 silly rollbackFailedOptional Finishing
39 silly runTopLevelLifecycles Starting
40 silly runTopLevelLifecycles Finishing
41 silly install printInstalled
42 verbose stack Error: No compatible version found: express-session@^3.5.2
42 verbose stack Valid install targets:
42 verbose stack 1.15.6, 1.15.5, 1.15.4, 1.15.3, 1.15.2, 1.15.1, 1.15.0, 1.14.2, 1.14.1, 1.14.0, 1.13.0, 1.12.1, 1.12.0, 1.11.3, 1.11.2, 1.11.1, 1.11.0, 1.10.4, 1.10.3, 1.10.2, 1.10.1, 1.10.0, 1.9.3, 1.9.2, 1.9.1, 1.9.0, 1.8.2, 1.8.1, 1.8.0, 1.7.6, 1.7.5, 1.7.4, 1.7.3, 1.7.2, 1.7.1, 1.7.0, 1.6.5, 1.6.4, 1.6.3, 1.6.2, 1.6.1, 1.6.0, 1.5.2, 1.5.1, 1.5.0, 1.4.0, 1.3.1, 1.3.0, 1.2.1, 1.2.0, 1.1.0, 1.0.4, 1.0.3, 1.0.2, 1.0.1, 1.0.0
42 verbose stack
42 verbose stack     at pickVersionFromRegistryDocument (/usr/share/npm/lib/fetch-package-metadata.js:156:16)
42 verbose stack     at /usr/share/npm/node_modules/iferr/index.js:13:50
42 verbose stack     at /usr/share/npm/lib/utils/pulse-till-done.js:19:8
42 verbose stack     at saved (/usr/share/npm/lib/cache/caching-client.js:168:7)
42 verbose stack     at /usr/share/npm/node_modules/graceful-fs/polyfills.js:210:7
42 verbose stack     at FSReqWrap.oncomplete (fs.js:135:15)
43 verbose cwd /home/vaultboy324/WebstormProjects/jsLearn
44 error Linux 4.15.0-45-generic
45 error argv "/usr/bin/node" "/usr/share/npm/bin/npm-cli.js" "install" "--scripts-prepend-node-path=auto"
46 error node v8.10.0
47 error npm  v3.5.2
48 error No compatible version found: express-session@^3.5.2
48 error Valid install targets:
48 error 1.15.6, 1.15.5, 1.15.4, 1.15.3, 1.15.2, 1.15.1, 1.15.0, 1.14.2, 1.14.1, 1.14.0, 1.13.0, 1.12.1, 1.12.0, 1.11.3, 1.11.2, 1.11.1, 1.11.0, 1.10.4, 1.10.3, 1.10.2, 1.10.1, 1.10.0, 1.9.3, 1.9.2, 1.9.1, 1.9.0, 1.8.2, 1.8.1, 1.8.0, 1.7.6, 1.7.5, 1.7.4, 1.7.3, 1.7.2, 1.7.1, 1.7.0, 1.6.5, 1.6.4, 1.6.3, 1.6.2, 1.6.1, 1.6.0, 1.5.2, 1.5.1, 1.5.0, 1.4.0, 1.3.1, 1.3.0, 1.2.1, 1.2.0, 1.1.0, 1.0.4, 1.0.3, 1.0.2, 1.0.1, 1.0.0
49 error If you need help, you may report this error at:
49 error     <https://github.com/npm/npm/issues>
50 verbose exit [ 1, true ]
